

Version:	3.50
CmdLine:	C:\Users\Tirio\Documents\FallOfBastille\FallOfBastille.exe --l4j-debug
JNI:		No
WOW64:		Yes
Create mutex:	FallOfBastille
Working dir:	C:\Users\Tirio\Documents\FallOfBastille\.
Requires JDK:	No
Requires 64-Bit: No
Java min ver:	1.008.000
Java max ver:	
Substitute:	JAVA_HOME = 
JRE paths:	
64-bit search:	SOFTWARE\JavaSoft\Java Runtime Environment...
32-bit search:	SOFTWARE\JavaSoft\Java Runtime Environment...
Check:		SOFTWARE\JavaSoft\Java Runtime Environment\1.8
Version string: 1.008.000 / 32-Bit (OK)
Check launcher:	C:\Program Files (x86)\Java\jre1.8.0_361\bin\javaw.exe (OK)
Match:		1.008.000
Runtime used:	1.008.000 (32-bit)
Launcher:	C:\Program Files (x86)\Java\jre1.8.0_361\bin\javaw.exe
Launcher args:	-jar "C:\Users\Tirio\Documents\FallOfBastille\FallOfBastille.exe"
Args length:	65/32768 chars
Exit code:	0


Version:	3.50
CmdLine:	C:\Users\Tirio\Documents\FallOfBastille\FallOfBastille.exe --l4j-debug
JNI:		No
WOW64:		Yes
Create mutex:	FallOfBastille
Working dir:	C:\Users\Tirio\Documents\FallOfBastille\.
Requires JDK:	No
Requires 64-Bit: No
Java min ver:	1.008.000
Java max ver:	
Substitute:	JAVA_HOME = 
JRE paths:	
64-bit search:	SOFTWARE\JavaSoft\Java Runtime Environment...
32-bit search:	SOFTWARE\JavaSoft\Java Runtime Environment...
Check:		SOFTWARE\JavaSoft\Java Runtime Environment\1.8
Version string: 1.008.000 / 32-Bit (OK)
Check launcher:	C:\Program Files (x86)\Java\jre1.8.0_361\bin\javaw.exe (OK)
Match:		1.008.000
Runtime used:	1.008.000 (32-bit)
Launcher:	C:\Program Files (x86)\Java\jre1.8.0_361\bin\javaw.exe
Launcher args:	-jar "C:\Users\Tirio\Documents\FallOfBastille\FallOfBastille.exe"
Args length:	65/32768 chars
Exit code:	0
